XIO:  fatal IO error 39 (Directory not empty) on X server ":0"
      after 1481 requests (1481 known processed) with 0 events remaining.
E=8
GLX_DEPTH_SIZE=24
GLX_STENCIL_SIZE=8
GLX_SAMPLES_ARB=0
GLX_SAMPLE_BUFFERS_ARB=0
GLX_CONFIG_CAVEAT=NONE

Desktop is 1920 x 1080 @ 60 Hz
Initialize engine version: 5.2.2p2 (67d68477bb52)
GfxDevice: creating device client; threaded=1
GPU_MEMORY_INFO_DEDICATED_VIDMEM_NVX: 8388608
OpenGL:
    Version:  OpenGL 4.6 [4.6.0 NVIDIA 440.36]
    Renderer: GeForce GTX 1070/PCIe/SSE2
    Vendor:   NVIDIA Corporation
    VRAM:     8192 MB
    Extensions: GL_AMD_multi_draw_indirect GL_AMD_seamless_cubemap_per_texture GL_AMD_vertex_shader_viewport_index GL_AMD_vertex_shader_layer GL_ARB_arrays_of_arrays GL_ARB_base_instance GL_ARB_bindless_texture GL_ARB_blend_func_extended GL_ARB_buffer_storage GL_ARB_clear_buffer_object GL_ARB_clear_texture GL_ARB_clip_control GL_ARB_color_buffer_float GL_ARB_compatibility GL_ARB_compressed_texture_pixel_storage GL_ARB_conservative_depth GL_ARB_compute_shader GL_ARB_compute_variable_group_size GL_ARB_conditional_render_inverted GL_ARB_copy_buffer GL_ARB_copy_image GL_ARB_cull_distance GL_ARB_debug_output GL_ARB_depth_buffer_float GL_ARB_depth_clamp GL_ARB_depth_texture GL_ARB_derivative_control GL_ARB_direct_state_access GL_ARB_draw_buffers GL_ARB_draw_buffers_blend GL_ARB_draw_indirect GL_ARB_draw_elements_base_vertex GL_ARB_draw_instanced GL_ARB_enhanced_layouts GL_ARB_ES2_compatibility GL_ARB_ES3_compatibility GL_ARB_ES3_1_compatibility GL_ARB_ES3_2_compatibility GL_ARB_explicit_attrib_location GL_ARB_explicit_uniform_location GL_ARB_fragment_coord_conventions GL_ARB_fragment_layer_viewport GL_ARB_fragment_program GL_ARB_fragment_program_shadow GL_ARB_fragment_shader GL_ARB_fragment_shader_interlock GL_ARB_framebuffer_no_attachments GL_ARB_framebuffer_object GL_ARB_framebuffer_sRGB GL_ARB_geometry_shader4 GL_ARB_get_program_binary GL_ARB_get_texture_sub_image GL_ARB_gl_spirv GL_ARB_gpu_shader5 GL_ARB_gpu_shader_fp64 GL_ARB_gpu_shader_int64 GL_ARB_half_float_pixel GL_ARB_half_float_vertex GL_ARB_imaging GL_ARB_indirect_parameters GL_ARB_instanced_arrays GL_ARB_internalformat_query GL_ARB_internalformat_query2 GL_ARB_invalidate_subdata GL_ARB_map_buffer_alignment GL_ARB_map_buffer_range GL_ARB_multi_bind GL_ARB_multi_draw_indirect GL_ARB_multisample GL_ARB_multitexture GL_ARB_occlusion_query GL_ARB_occlusion_query2 GL_ARB_parallel_shader_compile GL_ARB_pipeline_statistics_query GL_ARB_pixel_buffer_object GL_ARB_point_parameters GL_ARB_point_sprite GL_ARB_polygon_offset_clamp GL_ARB_post_depth_coverage GL_ARB_program_interface_query GL_ARB_provoking_vertex GL_ARB_query_buffer_object GL_ARB_robust_buffer_access_behavior GL_ARB_robustness GL_ARB_sample_locations GL_ARB_sample_shading GL_ARB_sampler_objects GL_ARB_seamless_cube_map GL_ARB_seamless_cubemap_per_texture GL_ARB_separate_shader_objects GL_ARB_shader_atomic_counter_ops GL_ARB_shader_atomic_counters GL_ARB_shader_ballot GL_ARB_shader_bit_encoding GL_ARB_shader_clock GL_ARB_shader_draw_parameters GL_ARB_shader_group_vote GL_ARB_shader_image_load_store GL_ARB_shader_image_size GL_ARB_shader_objects GL_ARB_shader_precision GL_ARB_shader_storage_buffer_object GL_ARB_shader_subroutine GL_ARB_shader_texture_image_samples GL_ARB_shader_texture_lod GL_ARB_shading_language_100 GL_ARB_shader_viewport_layer_array GL_ARB_shading_language_420pack GL_ARB_shading_language_include GL_ARB_shading_language_packing GL_ARB_shadow GL_ARB_sparse_buffer GL_ARB_sparse_texture GL_ARB_sparse_texture2 GL_ARB_sparse_texture_clamp GL_ARB_spirv_extensions GL_ARB_stencil_texturing GL_ARB_sync GL_ARB_tessellation_shader GL_ARB_texture_barrier GL_ARB_texture_border_clamp GL_ARB_texture_buffer_object GL_ARB_texture_buffer_object_rgb32 GL_ARB_texture_buffer_range GL_ARB_texture_compression GL_ARB_texture_compression_bptc GL_ARB_texture_compression_rgtc GL_ARB_texture_cube_map GL_ARB_texture_cube_map_array GL_ARB_texture_env_add GL_ARB_texture_env_combine GL_ARB_texture_env_crossbar GL_ARB_texture_env_dot3 GL_ARB_texture_filter_anisotropic GL_ARB_texture_filter_minmax GL_ARB_texture_float GL_ARB_texture_gather GL_ARB_texture_mirror_clamp_to_edge GL_ARB_texture_mirrored_repeat GL_ARB_texture_multisample GL_ARB_texture_non_power_of_two GL_ARB_texture_query_levels GL_ARB_texture_query_lod GL_ARB_texture_rectangle GL_ARB_texture_rg GL_ARB_texture_rgb10_a2ui GL_ARB_texture_stencil8 GL_ARB_texture_storage GL_ARB_texture_storage_multisample GL_ARB_texture_swizzle GL_ARB_texture_view GL_ARB_timer_query GL_ARB_transform_feedback2 GL_ARB_transform_feedback3 GL_ARB_transform_feedback_instanced GL_ARB_transform_feedback_overflow_query GL_ARB_transpose_matrix GL_ARB_uniform_buffer_object GL_ARB_vertex_array_bgra GL_ARB_vertex_array_object GL_ARB_vertex_attrib_64bit GL_ARB_vertex_attrib_binding GL_ARB_vertex_buffer_object GL_ARB_vertex_program GL_ARB_vertex_shader GL_ARB_vertex_type_10f_11f_11f_rev GL_ARB_vertex_type_2_10_10_10_rev GL_ARB_viewport_array GL_ARB_window_pos GL_ATI_draw_buffers GL_ATI_texture_float GL_ATI_texture_mirror_once GL_S3_s3tc GL_EXT_texture_env_add GL_EXT_abgr GL_EXT_bgra GL_EXT_bindable_uniform GL_EXT_blend_color GL_EXT_blend_equation_separate GL_EXT_blend_func_separate GL_EXT_blend_minmax GL_EXT_blend_subtract GL_EXT_compiled_vertex_array GL_EXT_Cg_shader GL_EXT_depth_bounds_test GL_EXT_direct_state_access GL_EXT_draw_buffers2 GL_EXT_draw_instanced GL_EXT_draw_range_elements GL_EXT_fog_coord GL_EXT_framebuffer_blit GL_EXT_framebuffer_multisample GL_EXTX_framebuffer_mixed_formats GL_EXT_framebuffer_multisample_blit_scaled GL_EXT_framebuffer_object GL_EXT_framebuffer_sRGB GL_EXT_geometry_shader4 GL_EXT_gpu_program_parameters GL_EXT_gpu_shader4 GL_EXT_multi_draw_arrays GL_EXT_multiview_texture_multisample GL_EXT_multiview_timer_query GL_EXT_packed_depth_stencil GL_EXT_packed_float GL_EXT_packed_pixels GL_EXT_pixel_buffer_object GL_EXT_point_parameters GL_EXT_polygon_offset_clamp GL_EXT_post_depth_coverage GL_EXT_provoking_vertex GL_EXT_raster_multisample GL_EXT_rescale_normal GL_EXT_secondary_color GL_EXT_separate_shader_objects GL_EXT_separate_specular_color GL_EXT_shader_image_load_formatted GL_EXT_shader_image_load_store GL_EXT_shader_integer_mix GL_EXT_shadow_funcs GL_EXT_sparse_texture2 GL_EXT_stencil_two_side GL_EXT_stencil_wrap GL_EXT_texture3D GL_EXT_texture_array GL_EXT_texture_buffer_object GL_EXT_texture_compression_dxt1 GL_EXT_texture_compression_latc GL_EXT_texture_compression_rgtc GL_EXT_texture_compression_s3tc GL_EXT_texture_cube_map GL_EXT_texture_edge_clamp GL_EXT_texture_env_combine GL_EXT_texture_env_dot3 GL_EXT_texture_filter_anisotropic GL_EXT_texture_filter_minmax GL_EXT_texture_integer GL_EXT_texture_lod GL_EXT_texture_lod_bias GL_EXT_texture_mirror_clamp GL_EXT_texture_object GL_EXT_texture_shadow_lod GL_EXT_texture_shared_exponent GL_EXT_texture_sRGB GL_EXT_texture_sRGB_R8 GL_EXT_texture_sRGB_decode GL_EXT_texture_storage GL_EXT_texture_swizzle GL_EXT_timer_query GL_EXT_transform_feedback2 GL_EXT_vertex_array GL_EXT_vertex_array_bgra GL_EXT_vertex_attrib_64bit GL_EXT_window_rectangles GL_EXT_x11_sync_object GL_EXT_import_sync_object GL_NV_robustness_video_memory_purge GL_IBM_rasterpos_clip GL_IBM_texture_mirrored_repeat GL_KHR_context_flush_control GL_KHR_debug GL_EXT_memory_object GL_EXT_memory_object_fd GL_KHR_parallel_shader_compile GL_KHR_no_error GL_KHR_robust_buffer_access_behavior GL_KHR_robustness GL_EXT_semaphore GL_EXT_semaphore_fd GL_KHR_shader_subgroup GL_KTX_buffer_region GL_NV_alpha_to_coverage_dither_control GL_NV_bindless_multi_draw_indirect GL_NV_bindless_multi_draw_indirect_count GL_NV_bindless_texture GL_NV_blend_equation_advanced GL_NV_blend_equation_advanced_coherent GL_NVX_blend_equation_advanced_multi_draw_buffers GL_NV_blend_minmax_factor GL_NV_blend_square GL_NV_clip_space_w_scaling GL_NV_command_list GL_NV_compute_program5 GL_NV_conditional_render GL_NV_conservative_raster GL_NV_conservative_raster_dilate GL_NV_conservative_raster_pre_snap_triangles GL_NV_copy_depth_to_color GL_NV_copy_image GL_NV_depth_buffer_float GL_NV_depth_clamp GL_NV_draw_texture GL_NV_draw_vulkan_image GL_NV_ES1_1_compatibility GL_NV_ES3_1_compatibility GL_NV_explicit_multisample GL_NV_feature_query GL_NV_fence GL_NV_fill_rectangle GL_NV_float_buffer GL_NV_fog_distance GL_NV_fragment_coverage_to_color GL_NV_fragment_program GL_NV_fragment_program_option GL_NV_fragment_program2 GL_NV_fragment_shader_interlock GL_NV_framebuffer_mixed_samples GL_NV_framebuffer_multisample_coverage GL_NV_geometry_shader4 GL_NV_geometry_shader_passthrough GL_NV_gpu_program4 GL_NV_internalformat_sample_query GL_NV_gpu_program4_1 GL_NV_gpu_program5 GL_NV_gpu_program5_mem_extended GL_NV_gpu_program_fp64 GL_NV_gpu_shader5 GL_NV_half_float GL_NV_light_max_exponent GL_NV_memory_attachment GL_NV_multisample_coverage GL_NV_multisample_filter_hint GL_NV_occlusion_query GL_NV_packed_depth_stencil GL_NV_parameter_buffer_object GL_NV_parameter_buffer_object2 GL_NV_path_rendering GL_NV_path_rendering_shared_edge GL_NV_pixel_data_range GL_NV_point_sprite GL_NV_primitive_restart GL_NV_query_resource GL_NV_query_resource_tag GL_NV_register_combiners GL_NV_register_combiners2 GL_NV_sample_locations GL_NV_sample_mask_override_coverage GL_NV_shader_atomic_counters GL_NV_shader_atomic_float GL_NV_shader_atomic_float64 GL_NV_shader_atomic_fp16_vector GL_NV_shader_atomic_int64 GL_NV_shader_buffer_load GL_NV_shader_storage_buffer_object GL_NV_shader_subgroup_partitioned GL_NV_stereo_view_rendering GL_NV_texgen_reflection GL_NV_texture_barrier GL_NV_texture_compression_vtc GL_NV_texture_env_combine4 GL_NV_texture_multisample GL_NV_texture_rectangle GL_NV_texture_rectangle_compressed GL_NV_texture_shader GL_NV_texture_shader2 GL_NV_texture_shader3 GL_NV_transform_feedback GL_NV_transform_feedback2 GL_NV_uniform_buffer_unified_memory GL_NV_vdpau_interop GL_NV_vdpau_interop2 GL_NV_vertex_array_range GL_NV_vertex_array_range2 GL_NV_vertex_attrib_integer_64bit GL_NV_vertex_buffer_unified_memory GL_NV_vertex_program GL_NV_vertex_program1_1 GL_NV_vertex_program2 GL_NV_vertex_program2_option GL_NV_vertex_program3 GL_NV_viewport_array2 GL_NV_viewport_swizzle GL_NVX_conditional_render GL_NV_gpu_multicast GL_NVX_progress_fence GL_NVX_gpu_memory_info GL_NVX_nvenc_interop GL_NV_shader_thread_group GL_NV_shader_thread_shuffle GL_KHR_blend_equation_advanced GL_KHR_blend_equation_advanced_coherent GL_OVR_multiview GL_OVR_multiview2 GL_SGIS_generate_mipmap GL_SGIS_texture_lod GL_SGIX_depth_texture GL_SGIX_shadow GL_SUN_slice_accum 
GLX Extensions: GLX_EXT_visual_info GLX_EXT_visual_rating GLX_EXT_import_context GLX_SGIX_fbconfig GLX_SGIX_pbuffer GLX_SGI_video_sync GLX_SGI_swap_control GLX_EXT_swap_control GLX_EXT_swap_control_tear GLX_EXT_texture_from_pixmap GLX_EXT_buffer_age GLX_ARB_create_context GLX_ARB_create_context_profile GLX_EXT_create_context_es_profile GLX_EXT_create_context_es2_profile GLX_ARB_create_context_no_error GLX_ARB_create_context_robustness GLX_NV_delay_before_swap GLX_EXT_stereo_tree GLX_ARB_context_flush_control GLX_NV_robustness_video_memory_purge GLX_NV_multigpu_context GLX_ARB_multisample GLX_NV_float_buffer GLX_ARB_fbconfig_float GLX_EXT_framebuffer_sRGB GLX_NV_copy_image GLX_ARB_get_proc_address 
Setting maxVSyncInterval to 4
GL: Detected 8192 MB VRAM
AudioManager: Using PulseAudio: Default Output Device
Begin MonoManager ReloadAssembly
Platform assembly: /mnt/Akali/Games/Wasteland 2 Directors Cut/game/WL2_Data/Managed/UnityEngine.dll (this message is harmless)
Loading /mnt/Akali/Games/Wasteland 2 Directors Cut/game/WL2_Data/Managed/UnityEngine.dll into Unity Child Domain
Platform assembly: /mnt/Akali/Games/Wasteland 2 Directors Cut/game/WL2_Data/Managed/Assembly-CSharp-firstpass.dll (this message is harmless)
Loading /mnt/Akali/Games/Wasteland 2 Directors Cut/game/WL2_Data/Managed/Assembly-CSharp-firstpass.dll into Unity Child Domain
Platform assembly: /mnt/Akali/Games/Wasteland 2 Directors Cut/game/WL2_Data/Managed/Assembly-CSharp.dll (this message is harmless)
Loading /mnt/Akali/Games/Wasteland 2 Directors Cut/game/WL2_Data/Managed/Assembly-CSharp.dll into Unity Child Domain
Platform assembly: /mnt/Akali/Games/Wasteland 2 Directors Cut/game/WL2_Data/Managed/Assembly-UnityScript-firstpass.dll (this message is harmless)
Loading /mnt/Akali/Games/Wasteland 2 Directors Cut/game/WL2_Data/Managed/Assembly-UnityScript-firstpass.dll into Unity Child Domain
Platform assembly: /mnt/Akali/Games/Wasteland 2 Directors Cut/game/WL2_Data/Managed/Assembly-UnityScript.dll (this message is harmless)
Loading /mnt/Akali/Games/Wasteland 2 Directors Cut/game/WL2_Data/Managed/Assembly-UnityScript.dll into Unity Child Domain
Platform assembly: /mnt/Akali/Games/Wasteland 2 Directors Cut/game/WL2_Data/Managed/UnityEngine.UI.dll (this message is harmless)
Loading /mnt/Akali/Games/Wasteland 2 Directors Cut/game/WL2_Data/Managed/UnityEngine.UI.dll into Unity Child Domain
Platform assembly: /mnt/Akali/Games/Wasteland 2 Directors Cut/game/WL2_Data/Managed/UnityEngine.Networking.dll (this message is harmless)
Loading /mnt/Akali/Games/Wasteland 2 Directors Cut/game/WL2_Data/Managed/UnityEngine.Networking.dll into Unity Child Domain
Platform assembly: /mnt/Akali/Games/Wasteland 2 Directors Cut/game/WL2_Data/Managed/DecalSystem.Runtime.dll (this message is harmless)
Loading /mnt/Akali/Games/Wasteland 2 Directors Cut/game/WL2_Data/Managed/DecalSystem.Runtime.dll into Unity Child Domain
Platform assembly: /mnt/Akali/Games/Wasteland 2 Directors Cut/game/WL2_Data/Managed/Hayate.dll (this message is harmless)
Loading /mnt/Akali/Games/Wasteland 2 Directors Cut/game/WL2_Data/Managed/Hayate.dll into Unity Child Domain
Platform assembly: /mnt/Akali/Games/Wasteland 2 Directors Cut/game/WL2_Data/Managed/SteamworksManaged.dll (this message is harmless)
Loading /mnt/Akali/Games/Wasteland 2 Directors Cut/game/WL2_Data/Managed/SteamworksManaged.dll into Unity Child Domain
Platform assembly: /mnt/Akali/Games/Wasteland 2 Directors Cut/game/WL2_Data/Managed/Newtonsoft.Json.dll (this message is harmless)
Loading /mnt/Akali/Games/Wasteland 2 Directors Cut/game/WL2_Data/Managed/Newtonsoft.Json.dll into Unity Child Domain
Platform assembly: /mnt/Akali/Games/Wasteland 2 Directors Cut/game/WL2_Data/Managed/System.Core.dll (this message is harmless)
- Completed reload, in  0.063 seconds
Default vsync count 1
requesting resize -1 x -1
Using native desktop resolution 1920 x 1080
requesting fullscreen 1920 x 1080 at 0 Hz
Desktop is 1920 x 1080 @ 60 Hz
Using libudev for joystick management


Importing game controller configs
Found /dev/input/event12
Mapping raw axis 0 to 0
Mapping raw axis 1 to 1
Mapping raw axis 2 to 2
Mapping raw axis 3 to 3
Mapping raw axis 4 to 4
Mapping raw axis 5 to 5
Unknown mapping for 'platform': skipping
Microsoft X-Box One pad: Mapping b2.0 to b2
Microsoft X-Box One pad: Mapping b0.0 to b0
Microsoft X-Box One pad: Mapping b1.0 to b1
Microsoft X-Box One pad: Mapping b3.0 to b3
Microsoft X-Box One pad: Mapping b6.0 to b6
Microsoft X-Box One pad: Mapping b8.0 to b8
Microsoft X-Box One pad: Mapping b7.0 to b7
Microsoft X-Box One pad: Mapping h0.8 to a6
Microsoft X-Box One pad: Mapping h0.0 to a7
Microsoft X-Box One pad: Mapping h0.4 to a7
Microsoft X-Box One pad: Mapping h0.0 to a6
Microsoft X-Box One pad: Mapping h0.2 to a6
Microsoft X-Box One pad: Mapping h0.0 to a7
Microsoft X-Box One pad: Mapping h0.1 to a7
Microsoft X-Box One pad: Mapping h0.0 to b4
Microsoft X-Box One pad: Mapping b4.0 to b4
Microsoft X-Box One pad: Mapping a2.0 to a2
Microsoft X-Box One pad: Mapping b5.0 to b5
Microsoft X-Box One pad: Mapping a5.0 to a5
Microsoft X-Box One pad: Mapping b9.0 to b9
Microsoft X-Box One pad: Mapping b10.0 to b10
Microsoft X-Box One pad: Mapping a0.0 to a0
Microsoft X-Box One pad: Mapping a1.0 to a1
Microsoft X-Box One pad: Mapping a3.0 to a3
Microsoft X-Box One pad: Mapping a4.0 to a4
Assigning joystick 1
Platform assembly: /mnt/Akali/Games/Wasteland 2 Directors Cut/game/WL2_Data/Managed/System.dll (this message is harmless)
Platform assembly: /mnt/Akali/Games/Wasteland 2 Directors Cut/game/WL2_Data/Managed/UnityScript.Lang.dll (this message is harmless)
Platform assembly: /mnt/Akali/Games/Wasteland 2 Directors Cut/game/WL2_Data/Managed/Boo.Lang.dll (this message is harmless)
Changing real window size to 1920 x 1080
Changing real window size to 1920 x 1080
Changing real window size to 1920 x 1080
Changing real window size to 1920 x 1080
Changing real window size to 1920 x 1080
Starting Launcher Load at 0.386044
 
(Filename: /home/builduser/buildslave/unity/build/artifacts/generated/common/runtime/UnityEngineDebugBindings.gen.cpp Line: 64)

Setting up 4 worker threads for Enlighten.
  Thread -> id: 7fc4ad7fa700 -> priority: 1 
  Thread -> id: 7fc4acff9700 -> priority: 1 
  Thread -> id: 7fc47eda3700 -> priority: 1 
  Thread -> id: 7fc47e5a2700 -> priority: 1 
WARNING: Shader Unsupported: 'Hidden/CameraMotionBlurDX11' - Pass '' has no vertex shader
WARNING: Shader Unsupported: 'Hidden/CameraMotionBlurDX11' - Setting to default shader.
WARNING: Shader Unsupported: 'Hidden/Dof/DX11Dof' - Pass '' has no vertex shader
WARNING: Shader Unsupported: 'Hidden/Dof/DX11Dof' - Setting to default shader.
SimpleJSONReader(): at input line 11: Assignment: 'version' = '1'
 
(Filename: /home/builduser/buildslave/unity/build/artifacts/generated/common/runtime/UnityEngineDebugBindings.gen.cpp Line: 64)

SimpleJSONReader(): at input line 34: Assignment: 'nativeName' = 'English'
 
(Filename: /home/builduser/buildslave/unity/build/artifacts/generated/common/runtime/UnityEngineDebugBindings.gen.cpp Line: 64)

SimpleJSONReader(): at input line 35: Assignment: 'twoLetterCode' = 'en'
 
(Filename: /home/builduser/buildslave/unity/build/artifacts/generated/common/runtime/UnityEngineDebugBindings.gen.cpp Line: 64)

SimpleJSONReader(): at input line 36: Assignment: 'englishName' = 'English'
 
(Filename: /home/builduser/buildslave/unity/build/artifacts/generated/common/runtime/UnityEngineDebugBindings.gen.cpp Line: 64)

SimpleJSONReader(): at input line 37: Assignment: 'noSubtitles' = 'true'
 
(Filename: /home/builduser/buildslave/unity/build/artifacts/generated/common/runtime/UnityEngineDebugBindings.gen.cpp Line: 64)

SimpleJSONReader(): at input line 40: Assignment: 'nativeName' = 'English (Subtitled)'
 
(Filename: /home/builduser/buildslave/unity/build/artifacts/generated/common/runtime/UnityEngineDebugBindings.gen.cpp Line: 64)

SimpleJSONReader(): at input line 41: Assignment: 'twoLetterCode' = 'en'
 
(Filename: /home/builduser/buildslave/unity/build/artifacts/generated/common/runtime/UnityEngineDebugBindings.gen.cpp Line: 64)

SimpleJSONReader(): at input line 42: Assignment: 'englishName' = 'English (Subtitled)'
 
(Filename: /home/builduser/buildslave/unity/build/artifacts/generated/common/runtime/UnityEngineDebugBindings.gen.cpp Line: 64)

SimpleJSONReader(): at input line 43: Assignment: 'noSubtitles' = 'false'
 
(Filename: /home/builduser/buildslave/unity/build/artifacts/generated/common/runtime/UnityEngineDebugBindings.gen.cpp Line: 64)

SimpleJSONReader(): at input line 48: Assignment: 'nativeName' = 'Français'
 
(Filename: /home/builduser/buildslave/unity/build/artifacts/generated/common/runtime/UnityEngineDebugBindings.gen.cpp Line: 64)

SimpleJSONReader(): at input line 49: Assignment: 'twoLetterCode' = 'fr'
 
(Filename: /home/builduser/buildslave/unity/build/artifacts/generated/common/runtime/UnityEngineDebugBindings.gen.cpp Line: 64)

SimpleJSONReader(): at input line 50: Assignment: 'englishName' = 'French'
 
(Filename: /home/builduser/buildslave/unity/build/artifacts/generated/common/runtime/UnityEngineDebugBindings.gen.cpp Line: 64)

SimpleJSONReader(): at input line 51: Assignment: 'nonASCIIChars' = '°,î,â,ê,Î,Â,Ê,é,É,è,à,ù,È,À,Ù,ë,Ë,ç,Ç,œ,«,»'
 
(Filename: /home/builduser/buildslave/unity/build/artifacts/generated/common/runtime/UnityEngineDebugBindings.gen.cpp Line: 64)

SimpleJSONReader(): at input line 54: Assignment: 'nativeName' = 'Italiano'
 
(Filename: /home/builduser/buildslave/unity/build/artifacts/generated/common/runtime/UnityEngineDebugBindings.gen.cpp Line: 64)

SimpleJSONReader(): at input line 55: Assignment: 'twoLetterCode' = 'it'
 
(Filename: /home/builduser/buildslave/unity/build/artifacts/generated/common/runtime/UnityEngineDebugBindings.gen.cpp Line: 64)

SimpleJSONReader(): at input line 56: Assignment: 'englishName' = 'Italian'
 
(Filename: /home/builduser/buildslave/unity/build/artifacts/generated/common/runtime/UnityEngineDebugBindings.gen.cpp Line: 64)

SimpleJSONReader(): at input line 57: Assignment: 'nonASCIIChars' = '°,é,ç,à,è,ì,ò,ù,À,È,Ì,Ò,Ù'
 
(Filename: /home/builduser/buildslave/unity/build/artifacts/generated/common/runtime/UnityEngineDebugBindings.gen.cpp Line: 64)

SimpleJSONReader(): at input line 60: Assignment: 'nativeName' = 'Deutsch'
 
(Filename: /home/builduser/buildslave/unity/build/artifacts/generated/common/runtime/UnityEngineDebugBindings.gen.cpp Line: 64)

SimpleJSONReader(): at input line 61: Assignment: 'twoLetterCode' = 'de'
 
(Filename: /home/builduser/buildslave/unity/build/artifacts/generated/common/runtime/UnityEngineDebugBindings.gen.cpp Line: 64)

SimpleJSONReader(): at input line 62: Assignment: 'englishName' = 'German'
 
(Filename: /home/builduser/buildslave/unity/build/artifacts/generated/common/runtime/UnityEngineDebugBindings.gen.cpp Line: 64)

SimpleJSONReader(): at input line 63: Assignment: 'nonASCIIChars' = 'ä,Ä,ö,Ö,ü,Ü,ß'
 
(Filename: /home/builduser/buildslave/unity/build/artifacts/generated/common/runtime/UnityEngineDebugBindings.gen.cpp Line: 64)

SimpleJSONReader(): at input line 66: Assignment: 'nativeName' = 'Español Americano'
 
(Filename: /home/builduser/buildslave/unity/build/artifacts/generated/common/runtime/UnityEngineDebugBindings.gen.cpp Line: 64)

SimpleJSONReader(): at input line 67: Assignment: 'twoLetterCode' = 'sp'
 
(Filename: /home/builduser/buildslave/unity/build/artifacts/generated/common/runtime/UnityEngineDebugBindings.gen.cpp Line: 64)

SimpleJSONReader(): at input line 68: Assignment: 'englishName' = 'Spanish'
 
(Filename: /home/builduser/buildslave/unity/build/artifacts/generated/common/runtime/UnityEngineDebugBindings.gen.cpp Line: 64)

SimpleJSONReader(): at input line 69: Assignment: 'nonASCIIChars' = 'ñ,Ñ,ü,Ü,á,é,í,ó,ú,Á,É,Í,Ó,Ú,º,¿,¡'
 
(Filename: /home/builduser/buildslave/unity/build/artifacts/generated/common/runtime/UnityEngineDebugBindings.gen.cpp Line: 64)

SimpleJSONReader(): at input line 72: Assignment: 'nativeName' = 'Español Castellano'
 
(Filename: /home/builduser/buildslave/unity/build/artifacts/generated/common/runtime/UnityEngineDebugBindings.gen.cpp Line: 64)

SimpleJSONReader(): at input line 73: Assignment: 'twoLetterCode' = 'es'
 
(Filename: /home/builduser/buildslave/unity/build/artifacts/generated/common/runtime/UnityEngineDebugBindings.gen.cpp Line: 64)

SimpleJSONReader(): at input line 74: Assignment: 'englishName' = 'Castilian'
 
(Filename: /home/builduser/buildslave/unity/build/artifacts/generated/common/runtime/UnityEngineDebugBindings.gen.cpp Line: 64)

SimpleJSONReader(): at input line 75: Assignment: 'nonASCIIChars' = 'ñ,Ñ,ü,Ü,á,é,í,ó,ú,Á,É,Í,Ó,Ú,º,¿,¡'
 
(Filename: /home/builduser/buildslave/unity/build/artifacts/generated/common/runtime/UnityEngineDebugBindings.gen.cpp Line: 64)

SimpleJSONReader(): at input line 80: Assignment: 'nativeName' = 'Polski'
 
(Filename: /home/builduser/buildslave/unity/build/artifacts/generated/common/runtime/UnityEngineDebugBindings.gen.cpp Line: 64)

SimpleJSONReader(): at input line 81: Assignment: 'twoLetterCode' = 'pl'
 
(Filename: /home/builduser/buildslave/unity/build/artifacts/generated/common/runtime/UnityEngineDebugBindings.gen.cpp Line: 64)

SimpleJSONReader(): at input line 82: Assignment: 'englishName' = 'Polish'
 
(Filename: /home/builduser/buildslave/unity/build/artifacts/generated/common/runtime/UnityEngineDebugBindings.gen.cpp Line: 64)

SimpleJSONReader(): at input line 83: Assignment: 'nonASCIIChars' = 'Ą,Ć,Ę,Ł,Ń,Ó,Ś,Ź,Ż,,ą,ć,ę,ł,ń,ó,ś,ź,ż'
 
(Filename: /home/builduser/buildslave/unity/build/artifacts/generated/common/runtime/UnityEngineDebugBindings.gen.cpp Line: 64)

SimpleJSONReader(): at input line 88: Assignment: 'nativeName' = 'Русский язык'
 
(Filename: /home/builduser/buildslave/unity/build/artifacts/generated/common/runtime/UnityEngineDebugBindings.gen.cpp Line: 64)

SimpleJSONReader(): at input line 89: Assignment: 'twoLetterCode' = 'ru'
 
(Filename: /home/builduser/buildslave/unity/build/artifacts/generated/common/runtime/UnityEngineDebugBindings.gen.cpp Line: 64)

SimpleJSONReader(): at input line 90: Assignment: 'englishName' = 'Russian'
 
(Filename: /home/builduser/buildslave/unity/build/artifacts/generated/common/runtime/UnityEngineDebugBindings.gen.cpp Line: 64)

SimpleJSONReader(): at input line 91: Assignment: 'nonASCIIChars' = 'А,а,Б,б,В,в,Г,г,Д,д,Е,е,Ё,ё,Ж,ж,З,з,И,и,Й,й,К,к,Л,л,'
 
(Filename: /home/builduser/buildslave/unity/build/artifacts/generated/common/runtime/UnityEngineDebugBindings.gen.cpp Line: 64)

SimpleJSONReader(): at input line 97: Assignment: 'nativeName' = 'Türkçe'
 
(Filename: /home/builduser/buildslave/unity/build/artifacts/generated/common/runtime/UnityEngineDebugBindings.gen.cpp Line: 64)

SimpleJSONReader(): at input line 98: Assignment: 'twoLetterCode' = 'tr'
 
(Filename: /home/builduser/buildslave/unity/build/artifacts/generated/common/runtime/UnityEngineDebugBindings.gen.cpp Line: 64)

SimpleJSONReader(): at input line 99: Assignment: 'englishName' = 'Turkish'
 
(Filename: /home/builduser/buildslave/unity/build/artifacts/generated/common/runtime/UnityEngineDebugBindings.gen.cpp Line: 64)

SimpleJSONReader(): at input line 100: Assignment: 'nonASCIIChars' = 'Ç,Ğ,İ,Ö,Ş,,Ü,ç,ğ,ı,ö,ş,ü'
 
(Filename: /home/builduser/buildslave/unity/build/artifacts/generated/common/runtime/UnityEngineDebugBindings.gen.cpp Line: 64)

SimpleJSONReader(): at input line 101: Assignment: 'disabled' = 'false'
 
(Filename: /home/builduser/buildslave/unity/build/artifacts/generated/common/runtime/UnityEngineDebugBindings.gen.cpp Line: 64)

SimpleJSONReader(): at input line 111: Assignment: 'twoLetterCode' = 'RV'
 
(Filename: /home/builduser/buildslave/unity/build/artifacts/generated/common/runtime/UnityEngineDebugBindings.gen.cpp Line: 64)

SimpleJSONReader(): at input line 112: Assignment: 'englishName' = 'Reversi'
 
(Filename: /home/builduser/buildslave/unity/build/artifacts/generated/common/runtime/UnityEngineDebugBindings.gen.cpp Line: 64)

SimpleJSONReader(): at input line 113: Assignment: 'nativeName' = 'Reverse English'
 
(Filename: /home/builduser/buildslave/unity/build/artifacts/generated/common/runtime/UnityEngineDebugBindings.gen.cpp Line: 64)

Wasteland2 version is 97264
 
(Filename: /home/builduser/buildslave/unity/build/artifacts/generated/common/runtime/UnityEngineDebugBindings.gen.cpp Line: 64)

Init Game...8.572903
 
(Filename: /home/builduser/buildslave/unity/build/artifacts/generated/common/runtime/UnityEngineDebugBindings.gen.cpp Line: 64)

Game Loaded 8.824527
 
(Filename: /home/builduser/buildslave/unity/build/artifacts/generated/common/runtime/UnityEngineDebugBindings.gen.cpp Line: 64)

requesting resize 1920 x 1080
resizing window to 1920 x 1080
Desktop is 1920 x 1080 @ 60 Hz
SaveLoad Loaded
 
(Filename: /home/builduser/buildslave/unity/build/artifacts/generated/common/runtime/UnityEngineDebugBindings.gen.cpp Line: 64)

requesting resize 1920 x 1080
requesting fullscreen 1920 x 1080 at 0 Hz
Desktop is 1920 x 1080 @ 60 Hz
Starting Main Menu Load
 
(Filename: /home/builduser/buildslave/unity/build/artifacts/generated/common/runtime/UnityEngineDebugBindings.gen.cpp Line: 64)

Unloading 17 Unused Serialized files (Serialized files now loaded: 0)
UnloadTime: 8.726000 ms

Unloading 329 unused Assets to reduce memory usage. Loaded Objects now: 40270.
Total: 32.668999 ms (FindLiveObjects: 1.892000 ms CreateObjectMapping: 3.228000 ms MarkObjects: 26.996000 ms  DeleteObjects: 0.552000 ms)

Starting inxile Movie
 
(Filename: /home/builduser/buildslave/unity/build/artifacts/generated/common/runtime/UnityEngineDebugBindings.gen.cpp Line: 64)

Finished movies, launching main menu
 
(Filename: /home/builduser/buildslave/unity/build/artifacts/generated/common/runtime/UnityEngineDebugBindings.gen.cpp Line: 64)

Unloading 5 Unused Serialized files (Serialized files now loaded: 0)
UnloadTime: 4.060000 ms

Unloading 407 unused Assets to reduce memory usage. Loaded Objects now: 42245.
Total: 35.888000 ms (FindLiveObjects: 1.049000 ms CreateObjectMapping: 1.696000 ms MarkObjects: 32.757000 ms  DeleteObjects: 0.385000 ms)

